<?xml version="1.0" encoding="UTF-8"?>
<!-- Generated by org.testng.reporters.JUnitReportReporter -->
<testsuite skipped="0" hostname="L510095" name="SeleniumSessions.SequenceTest" tests="1" failures="0" timestamp="16 Mar 2021 08:55:44 GMT" time="0.004" errors="0">
  <testcase name="test1" time="0.004" classname="SeleniumSessions.SequenceTest"/>
</testsuite> <!-- SeleniumSessions.SequenceTest -->
