<?xml version="1.0" encoding="UTF-8"?>
<!-- Generated by org.testng.reporters.JUnitReportReporter -->
<testsuite skipped="0" hostname="L510095" name="SeleniumSessions.TestNGExecutionSequence" tests="2" failures="0" timestamp="09 Apr 2021 14:30:47 GMT" time="0.036" errors="0">
  <testcase name="test2" time="0.009" classname="SeleniumSessions.TestNGExecutionSequence"/>
  <testcase name="test1" time="0.027" classname="SeleniumSessions.TestNGExecutionSequence"/>
</testsuite> <!-- SeleniumSessions.TestNGExecutionSequence -->
