<?xml version="1.0" encoding="UTF-8"?>
<!-- Generated by org.testng.reporters.JUnitReportReporter -->
<testsuite skipped="0" hostname="L510095" name="SeleniumSessions.TestClass" tests="3" failures="0" timestamp="16 Mar 2021 07:49:11 GMT" time="0.016" errors="0">
  <testcase name="c3" time="0.002" classname="SeleniumSessions.TestClass"/>
  <testcase name="c1" time="0.012" classname="SeleniumSessions.TestClass"/>
  <testcase name="c2" time="0.002" classname="SeleniumSessions.TestClass"/>
</testsuite> <!-- SeleniumSessions.TestClass -->
